index-CwSkdeGO.js:271 SelectItem must have a non-empty value prop
(anonymous) @ index-CwSkdeGO.js:271
XS @ index-CwSkdeGO.js:38
Ej @ index-CwSkdeGO.js:40
DR @ index-CwSkdeGO.js:40
MR @ index-CwSkdeGO.js:40
HU @ index-CwSkdeGO.js:40
Wv @ index-CwSkdeGO.js:40
Bj @ index-CwSkdeGO.js:40
_s @ index-CwSkdeGO.js:38
(anonymous) @ index-CwSkdeGO.js:40
setTimeout
i @ index-CwSkdeGO.js:48
o @ index-CwSkdeGO.js:48
batch @ index-CwSkdeGO.js:48
Ua @ index-CwSkdeGO.js:48
setData @ index-CwSkdeGO.js:48
onSuccess @ index-CwSkdeGO.js:48
p @ index-CwSkdeGO.js:48
Promise.then
x @ index-CwSkdeGO.js:48
start @ index-CwSkdeGO.js:48
fetch @ index-CwSkdeGO.js:48
lf @ index-CwSkdeGO.js:48
onSubscribe @ index-CwSkdeGO.js:48
subscribe @ index-CwSkdeGO.js:48
(anonymous) @ index-CwSkdeGO.js:48
QI @ index-CwSkdeGO.js:38
Py @ index-CwSkdeGO.js:40
Lu @ index-CwSkdeGO.js:40
Bj @ index-CwSkdeGO.js:40
_s @ index-CwSkdeGO.js:38
ZU @ index-CwSkdeGO.js:40
Ws @ index-CwSkdeGO.js:40
AR @ index-CwSkdeGO.js:40
C @ index-CwSkdeGO.js:25
D @ index-CwSkdeGO.js:25
index-CwSkdeGO.js:271 SelectItem must have a non-empty value prop
(anonymous) @ index-CwSkdeGO.js:271
XS @ index-CwSkdeGO.js:38
Ej @ index-CwSkdeGO.js:40
DR @ index-CwSkdeGO.js:40
MR @ index-CwSkdeGO.js:40
HU @ index-CwSkdeGO.js:40
Wv @ index-CwSkdeGO.js:40
Bj @ index-CwSkdeGO.js:40
_s @ index-CwSkdeGO.js:38
(anonymous) @ index-CwSkdeGO.js:40
setTimeout
i @ index-CwSkdeGO.js:48
o @ index-CwSkdeGO.js:48
batch @ index-CwSkdeGO.js:48
Ua @ index-CwSkdeGO.js:48
setData @ index-CwSkdeGO.js:48
onSuccess @ index-CwSkdeGO.js:48
p @ index-CwSkdeGO.js:48
Promise.then
x @ index-CwSkdeGO.js:48
start @ index-CwSkdeGO.js:48
fetch @ index-CwSkdeGO.js:48
lf @ index-CwSkdeGO.js:48
onSubscribe @ index-CwSkdeGO.js:48
subscribe @ index-CwSkdeGO.js:48
(anonymous) @ index-CwSkdeGO.js:48
QI @ index-CwSkdeGO.js:38
Py @ index-CwSkdeGO.js:40
Lu @ index-CwSkdeGO.js:40
Bj @ index-CwSkdeGO.js:40
_s @ index-CwSkdeGO.js:38
ZU @ index-CwSkdeGO.js:40
Ws @ index-CwSkdeGO.js:40
AR @ index-CwSkdeGO.js:40
C @ index-CwSkdeGO.js:25
D @ index-CwSkdeGO.js:25
index-CwSkdeGO.js:343 WebSocket connected
index-CwSkdeGO.js:271 SelectItem must have a non-empty value prop
(anonymous) @ index-CwSkdeGO.js:271
XS @ index-CwSkdeGO.js:38
Ej @ index-CwSkdeGO.js:40
DR @ index-CwSkdeGO.js:40
MR @ index-CwSkdeGO.js:40
HU @ index-CwSkdeGO.js:40
Wv @ index-CwSkdeGO.js:40
AR @ index-CwSkdeGO.js:40
C @ index-CwSkdeGO.js:25
D @ index-CwSkdeGO.js:25
index-CwSkdeGO.js:271 SelectItem must have a non-empty value prop
(anonymous) @ index-CwSkdeGO.js:271
XS @ index-CwSkdeGO.js:38
Ej @ index-CwSkdeGO.js:40
DR @ index-CwSkdeGO.js:40
MR @ index-CwSkdeGO.js:40
HU @ index-CwSkdeGO.js:40
Wv @ index-CwSkdeGO.js:40
AR @ index-CwSkdeGO.js:40
C @ index-CwSkdeGO.js:25
D @ index-CwSkdeGO.js:25
index-CwSkdeGO.js:271 SelectItem must have a non-empty value prop
(anonymous) @ index-CwSkdeGO.js:271
XS @ index-CwSkdeGO.js:38
Ej @ index-CwSkdeGO.js:40
DR @ index-CwSkdeGO.js:40
MR @ index-CwSkdeGO.js:40
HU @ index-CwSkdeGO.js:40
Wv @ index-CwSkdeGO.js:40
Bj @ index-CwSkdeGO.js:40
_s @ index-CwSkdeGO.js:38
(anonymous) @ index-CwSkdeGO.js:40
setTimeout
i @ index-CwSkdeGO.js:48
o @ index-CwSkdeGO.js:48
batch @ index-CwSkdeGO.js:48
Ua @ index-CwSkdeGO.js:48
s @ index-CwSkdeGO.js:48
m @ index-CwSkdeGO.js:48
(anonymous) @ index-CwSkdeGO.js:48
Promise.catch
x @ index-CwSkdeGO.js:48
start @ index-CwSkdeGO.js:48
fetch @ index-CwSkdeGO.js:48
lf @ index-CwSkdeGO.js:48
onSubscribe @ index-CwSkdeGO.js:48
subscribe @ index-CwSkdeGO.js:48
(anonymous) @ index-CwSkdeGO.js:48
QI @ index-CwSkdeGO.js:38
Py @ index-CwSkdeGO.js:40
Lu @ index-CwSkdeGO.js:40
ZU @ index-CwSkdeGO.js:40
Ws @ index-CwSkdeGO.js:40
Bj @ index-CwSkdeGO.js:40
_s @ index-CwSkdeGO.js:38
(anonymous) @ index-CwSkdeGO.js:40
setTimeout
i @ index-CwSkdeGO.js:48
o @ index-CwSkdeGO.js:48
batch @ index-CwSkdeGO.js:48
Ua @ index-CwSkdeGO.js:48
setData @ index-CwSkdeGO.js:48
onSuccess @ index-CwSkdeGO.js:48
p @ index-CwSkdeGO.js:48
Promise.then
x @ index-CwSkdeGO.js:48
start @ index-CwSkdeGO.js:48
fetch @ index-CwSkdeGO.js:48
lf @ index-CwSkdeGO.js:48
onSubscribe @ index-CwSkdeGO.js:48
subscribe @ index-CwSkdeGO.js:48
(anonymous) @ index-CwSkdeGO.js:48
QI @ index-CwSkdeGO.js:38
Py @ index-CwSkdeGO.js:40
Lu @ index-CwSkdeGO.js:40
Bj @ index-CwSkdeGO.js:40
_s @ index-CwSkdeGO.js:38
ZU @ index-CwSkdeGO.js:40
Ws @ index-CwSkdeGO.js:40
AR @ index-CwSkdeGO.js:40
C @ index-CwSkdeGO.js:25
D @ index-CwSkdeGO.js:25
index-CwSkdeGO.js:271 SelectItem must have a non-empty value prop
(anonymous) @ index-CwSkdeGO.js:271
XS @ index-CwSkdeGO.js:38
Ej @ index-CwSkdeGO.js:40
DR @ index-CwSkdeGO.js:40
MR @ index-CwSkdeGO.js:40
HU @ index-CwSkdeGO.js:40
Wv @ index-CwSkdeGO.js:40
Bj @ index-CwSkdeGO.js:40
_s @ index-CwSkdeGO.js:38
(anonymous) @ index-CwSkdeGO.js:40
setTimeout
i @ index-CwSkdeGO.js:48
o @ index-CwSkdeGO.js:48
batch @ index-CwSkdeGO.js:48
Ua @ index-CwSkdeGO.js:48
s @ index-CwSkdeGO.js:48
m @ index-CwSkdeGO.js:48
(anonymous) @ index-CwSkdeGO.js:48
Promise.catch
x @ index-CwSkdeGO.js:48
start @ index-CwSkdeGO.js:48
fetch @ index-CwSkdeGO.js:48
lf @ index-CwSkdeGO.js:48
onSubscribe @ index-CwSkdeGO.js:48
subscribe @ index-CwSkdeGO.js:48
(anonymous) @ index-CwSkdeGO.js:48
QI @ index-CwSkdeGO.js:38
Py @ index-CwSkdeGO.js:40
Lu @ index-CwSkdeGO.js:40
ZU @ index-CwSkdeGO.js:40
Ws @ index-CwSkdeGO.js:40
Bj @ index-CwSkdeGO.js:40
_s @ index-CwSkdeGO.js:38
(anonymous) @ index-CwSkdeGO.js:40
setTimeout
i @ index-CwSkdeGO.js:48
o @ index-CwSkdeGO.js:48
batch @ index-CwSkdeGO.js:48
Ua @ index-CwSkdeGO.js:48
setData @ index-CwSkdeGO.js:48
onSuccess @ index-CwSkdeGO.js:48
p @ index-CwSkdeGO.js:48
Promise.then
x @ index-CwSkdeGO.js:48
start @ index-CwSkdeGO.js:48
fetch @ index-CwSkdeGO.js:48
lf @ index-CwSkdeGO.js:48
onSubscribe @ index-CwSkdeGO.js:48
subscribe @ index-CwSkdeGO.js:48
(anonymous) @ index-CwSkdeGO.js:48
QI @ index-CwSkdeGO.js:38
Py @ index-CwSkdeGO.js:40
Lu @ index-CwSkdeGO.js:40
Bj @ index-CwSkdeGO.js:40
_s @ index-CwSkdeGO.js:38
ZU @ index-CwSkdeGO.js:40
Ws @ index-CwSkdeGO.js:40
AR @ index-CwSkdeGO.js:40
C @ index-CwSkdeGO.js:25
D @ index-CwSkdeGO.js:25
index-CwSkdeGO.js:271 SelectItem must have a non-empty value prop
(anonymous) @ index-CwSkdeGO.js:271
XS @ index-CwSkdeGO.js:38
Ej @ index-CwSkdeGO.js:40
DR @ index-CwSkdeGO.js:40
MR @ index-CwSkdeGO.js:40
HU @ index-CwSkdeGO.js:40
Wv @ index-CwSkdeGO.js:40
Bj @ index-CwSkdeGO.js:40
_s @ index-CwSkdeGO.js:38
(anonymous) @ index-CwSkdeGO.js:40
setTimeout
i @ index-CwSkdeGO.js:48
o @ index-CwSkdeGO.js:48
batch @ index-CwSkdeGO.js:48
Ua @ index-CwSkdeGO.js:48
s @ index-CwSkdeGO.js:48
m @ index-CwSkdeGO.js:48
(anonymous) @ index-CwSkdeGO.js:48
Promise.catch
x @ index-CwSkdeGO.js:48
start @ index-CwSkdeGO.js:48
fetch @ index-CwSkdeGO.js:48
lf @ index-CwSkdeGO.js:48
onSubscribe @ index-CwSkdeGO.js:48
subscribe @ index-CwSkdeGO.js:48
(anonymous) @ index-CwSkdeGO.js:48
QI @ index-CwSkdeGO.js:38
Py @ index-CwSkdeGO.js:40
Lu @ index-CwSkdeGO.js:40
ZU @ index-CwSkdeGO.js:40
Ws @ index-CwSkdeGO.js:40
Bj @ index-CwSkdeGO.js:40
_s @ index-CwSkdeGO.js:38
(anonymous) @ index-CwSkdeGO.js:40
setTimeout
i @ index-CwSkdeGO.js:48
o @ index-CwSkdeGO.js:48
batch @ index-CwSkdeGO.js:48
Ua @ index-CwSkdeGO.js:48
setData @ index-CwSkdeGO.js:48
onSuccess @ index-CwSkdeGO.js:48
p @ index-CwSkdeGO.js:48
Promise.then
x @ index-CwSkdeGO.js:48
start @ index-CwSkdeGO.js:48
fetch @ index-CwSkdeGO.js:48
lf @ index-CwSkdeGO.js:48
onSubscribe @ index-CwSkdeGO.js:48
subscribe @ index-CwSkdeGO.js:48
(anonymous) @ index-CwSkdeGO.js:48
QI @ index-CwSkdeGO.js:38
Py @ index-CwSkdeGO.js:40
Lu @ index-CwSkdeGO.js:40
Bj @ index-CwSkdeGO.js:40
_s @ index-CwSkdeGO.js:38
ZU @ index-CwSkdeGO.js:40
Ws @ index-CwSkdeGO.js:40
AR @ index-CwSkdeGO.js:40
C @ index-CwSkdeGO.js:25
D @ index-CwSkdeGO.js:25
index-CwSkdeGO.js:271 SelectItem must have a non-empty value prop
(anonymous) @ index-CwSkdeGO.js:271
XS @ index-CwSkdeGO.js:38
Ej @ index-CwSkdeGO.js:40
DR @ index-CwSkdeGO.js:40
MR @ index-CwSkdeGO.js:40
HU @ index-CwSkdeGO.js:40
Wv @ index-CwSkdeGO.js:40
Bj @ index-CwSkdeGO.js:40
_s @ index-CwSkdeGO.js:38
(anonymous) @ index-CwSkdeGO.js:40
setTimeout
i @ index-CwSkdeGO.js:48
o @ index-CwSkdeGO.js:48
batch @ index-CwSkdeGO.js:48
Ua @ index-CwSkdeGO.js:48
s @ index-CwSkdeGO.js:48
m @ index-CwSkdeGO.js:48
(anonymous) @ index-CwSkdeGO.js:48
Promise.catch
x @ index-CwSkdeGO.js:48
start @ index-CwSkdeGO.js:48
fetch @ index-CwSkdeGO.js:48
lf @ index-CwSkdeGO.js:48
onSubscribe @ index-CwSkdeGO.js:48
subscribe @ index-CwSkdeGO.js:48
(anonymous) @ index-CwSkdeGO.js:48
QI @ index-CwSkdeGO.js:38
Py @ index-CwSkdeGO.js:40
Lu @ index-CwSkdeGO.js:40
ZU @ index-CwSkdeGO.js:40
Ws @ index-CwSkdeGO.js:40
Bj @ index-CwSkdeGO.js:40
_s @ index-CwSkdeGO.js:38
(anonymous) @ index-CwSkdeGO.js:40
setTimeout
i @ index-CwSkdeGO.js:48
o @ index-CwSkdeGO.js:48
batch @ index-CwSkdeGO.js:48
Ua @ index-CwSkdeGO.js:48
setData @ index-CwSkdeGO.js:48
onSuccess @ index-CwSkdeGO.js:48
p @ index-CwSkdeGO.js:48
Promise.then
x @ index-CwSkdeGO.js:48
start @ index-CwSkdeGO.js:48
fetch @ index-CwSkdeGO.js:48
lf @ index-CwSkdeGO.js:48
onSubscribe @ index-CwSkdeGO.js:48
subscribe @ index-CwSkdeGO.js:48
(anonymous) @ index-CwSkdeGO.js:48
QI @ index-CwSkdeGO.js:38
Py @ index-CwSkdeGO.js:40
Lu @ index-CwSkdeGO.js:40
Bj @ index-CwSkdeGO.js:40
_s @ index-CwSkdeGO.js:38
ZU @ index-CwSkdeGO.js:40
Ws @ index-CwSkdeGO.js:40
AR @ index-CwSkdeGO.js:40
C @ index-CwSkdeGO.js:25
D @ index-CwSkdeGO.js:25
index-CwSkdeGO.js:271 SelectItem must have a non-empty value prop
(anonymous) @ index-CwSkdeGO.js:271
XS @ index-CwSkdeGO.js:38
Ej @ index-CwSkdeGO.js:40
DR @ index-CwSkdeGO.js:40
MR @ index-CwSkdeGO.js:40
HU @ index-CwSkdeGO.js:40
Wv @ index-CwSkdeGO.js:40
Bj @ index-CwSkdeGO.js:40
_s @ index-CwSkdeGO.js:38
(anonymous) @ index-CwSkdeGO.js:40
setTimeout
i @ index-CwSkdeGO.js:48
o @ index-CwSkdeGO.js:48
batch @ index-CwSkdeGO.js:48
Ua @ index-CwSkdeGO.js:48
s @ index-CwSkdeGO.js:48
m @ index-CwSkdeGO.js:48
(anonymous) @ index-CwSkdeGO.js:48
Promise.catch
x @ index-CwSkdeGO.js:48
start @ index-CwSkdeGO.js:48
fetch @ index-CwSkdeGO.js:48
lf @ index-CwSkdeGO.js:48
onSubscribe @ index-CwSkdeGO.js:48
subscribe @ index-CwSkdeGO.js:48
(anonymous) @ index-CwSkdeGO.js:48
QI @ index-CwSkdeGO.js:38
Py @ index-CwSkdeGO.js:40
Lu @ index-CwSkdeGO.js:40
ZU @ index-CwSkdeGO.js:40
Ws @ index-CwSkdeGO.js:40
Bj @ index-CwSkdeGO.js:40
_s @ index-CwSkdeGO.js:38
(anonymous) @ index-CwSkdeGO.js:40
setTimeout
i @ index-CwSkdeGO.js:48
o @ index-CwSkdeGO.js:48
batch @ index-CwSkdeGO.js:48
Ua @ index-CwSkdeGO.js:48
setData @ index-CwSkdeGO.js:48
onSuccess @ index-CwSkdeGO.js:48
p @ index-CwSkdeGO.js:48
Promise.then
x @ index-CwSkdeGO.js:48
start @ index-CwSkdeGO.js:48
fetch @ index-CwSkdeGO.js:48
lf @ index-CwSkdeGO.js:48
onSubscribe @ index-CwSkdeGO.js:48
subscribe @ index-CwSkdeGO.js:48
(anonymous) @ index-CwSkdeGO.js:48
QI @ index-CwSkdeGO.js:38
Py @ index-CwSkdeGO.js:40
Lu @ index-CwSkdeGO.js:40
Bj @ index-CwSkdeGO.js:40
_s @ index-CwSkdeGO.js:38
ZU @ index-CwSkdeGO.js:40
Ws @ index-CwSkdeGO.js:40
AR @ index-CwSkdeGO.js:40
C @ index-CwSkdeGO.js:25
D @ index-CwSkdeGO.js:25
index-CwSkdeGO.js:271 SelectItem must have a non-empty value prop
(anonymous) @ index-CwSkdeGO.js:271
XS @ index-CwSkdeGO.js:38
Ej @ index-CwSkdeGO.js:40
DR @ index-CwSkdeGO.js:40
MR @ index-CwSkdeGO.js:40
HU @ index-CwSkdeGO.js:40
Wv @ index-CwSkdeGO.js:40
Bj @ index-CwSkdeGO.js:40
_s @ index-CwSkdeGO.js:38
(anonymous) @ index-CwSkdeGO.js:40
setTimeout
i @ index-CwSkdeGO.js:48
o @ index-CwSkdeGO.js:48
batch @ index-CwSkdeGO.js:48
Ua @ index-CwSkdeGO.js:48
s @ index-CwSkdeGO.js:48
m @ index-CwSkdeGO.js:48
(anonymous) @ index-CwSkdeGO.js:48
Promise.catch
x @ index-CwSkdeGO.js:48
start @ index-CwSkdeGO.js:48
fetch @ index-CwSkdeGO.js:48
lf @ index-CwSkdeGO.js:48
onSubscribe @ index-CwSkdeGO.js:48
subscribe @ index-CwSkdeGO.js:48
(anonymous) @ index-CwSkdeGO.js:48
QI @ index-CwSkdeGO.js:38
Py @ index-CwSkdeGO.js:40
Lu @ index-CwSkdeGO.js:40
ZU @ index-CwSkdeGO.js:40
Ws @ index-CwSkdeGO.js:40
Bj @ index-CwSkdeGO.js:40
_s @ index-CwSkdeGO.js:38
(anonymous) @ index-CwSkdeGO.js:40
setTimeout
i @ index-CwSkdeGO.js:48
o @ index-CwSkdeGO.js:48
batch @ index-CwSkdeGO.js:48
Ua @ index-CwSkdeGO.js:48
setData @ index-CwSkdeGO.js:48
onSuccess @ index-CwSkdeGO.js:48
p @ index-CwSkdeGO.js:48
Promise.then
x @ index-CwSkdeGO.js:48
start @ index-CwSkdeGO.js:48
fetch @ index-CwSkdeGO.js:48
lf @ index-CwSkdeGO.js:48
onSubscribe @ index-CwSkdeGO.js:48
subscribe @ index-CwSkdeGO.js:48
(anonymous) @ index-CwSkdeGO.js:48
QI @ index-CwSkdeGO.js:38
Py @ index-CwSkdeGO.js:40
Lu @ index-CwSkdeGO.js:40
Bj @ index-CwSkdeGO.js:40
_s @ index-CwSkdeGO.js:38
ZU @ index-CwSkdeGO.js:40
Ws @ index-CwSkdeGO.js:40
AR @ index-CwSkdeGO.js:40
C @ index-CwSkdeGO.js:25
D @ index-CwSkdeGO.js:25
index-CwSkdeGO.js:271 SelectItem must have a non-empty value prop
(anonymous) @ index-CwSkdeGO.js:271
XS @ index-CwSkdeGO.js:38
Ej @ index-CwSkdeGO.js:40
DR @ index-CwSkdeGO.js:40
MR @ index-CwSkdeGO.js:40
HU @ index-CwSkdeGO.js:40
Wv @ index-CwSkdeGO.js:40
AR @ index-CwSkdeGO.js:40
C @ index-CwSkdeGO.js:25
D @ index-CwSkdeGO.js:25
index-CwSkdeGO.js:271 SelectItem must have a non-empty value prop
(anonymous) @ index-CwSkdeGO.js:271
XS @ index-CwSkdeGO.js:38
Ej @ index-CwSkdeGO.js:40
DR @ index-CwSkdeGO.js:40
MR @ index-CwSkdeGO.js:40
HU @ index-CwSkdeGO.js:40
Wv @ index-CwSkdeGO.js:40
AR @ index-CwSkdeGO.js:40
C @ index-CwSkdeGO.js:25
D @ index-CwSkdeGO.js:25
index-CwSkdeGO.js:271 SelectItem must have a non-empty value prop
(anonymous) @ index-CwSkdeGO.js:271
XS @ index-CwSkdeGO.js:38
Ej @ index-CwSkdeGO.js:40
DR @ index-CwSkdeGO.js:40
MR @ index-CwSkdeGO.js:40
HU @ index-CwSkdeGO.js:40
Wv @ index-CwSkdeGO.js:40
Bj @ index-CwSkdeGO.js:40
_s @ index-CwSkdeGO.js:38
(anonymous) @ index-CwSkdeGO.js:40
index-CwSkdeGO.js:271 SelectItem must have a non-empty value prop
(anonymous) @ index-CwSkdeGO.js:271
XS @ index-CwSkdeGO.js:38
Ej @ index-CwSkdeGO.js:40
DR @ index-CwSkdeGO.js:40
MR @ index-CwSkdeGO.js:40
HU @ index-CwSkdeGO.js:40
Wv @ index-CwSkdeGO.js:40
Bj @ index-CwSkdeGO.js:40
_s @ index-CwSkdeGO.js:38
(anonymous) @ index-CwSkdeGO.js:40
index-CwSkdeGO.js:271 SelectItem must have a non-empty value prop
(anonymous) @ index-CwSkdeGO.js:271
XS @ index-CwSkdeGO.js:38
Ej @ index-CwSkdeGO.js:40
DR @ index-CwSkdeGO.js:40
MR @ index-CwSkdeGO.js:40
HU @ index-CwSkdeGO.js:40
Wv @ index-CwSkdeGO.js:40
Bj @ index-CwSkdeGO.js:40
_s @ index-CwSkdeGO.js:38
(anonymous) @ index-CwSkdeGO.js:40
setTimeout
i @ index-CwSkdeGO.js:48
o @ index-CwSkdeGO.js:48
batch @ index-CwSkdeGO.js:48
Ua @ index-CwSkdeGO.js:48
s @ index-CwSkdeGO.js:48
m @ index-CwSkdeGO.js:48
(anonymous) @ index-CwSkdeGO.js:48
Promise.catch
x @ index-CwSkdeGO.js:48
start @ index-CwSkdeGO.js:48
fetch @ index-CwSkdeGO.js:48
lf @ index-CwSkdeGO.js:48
onSubscribe @ index-CwSkdeGO.js:48
subscribe @ index-CwSkdeGO.js:48
(anonymous) @ index-CwSkdeGO.js:48
QI @ index-CwSkdeGO.js:38
Py @ index-CwSkdeGO.js:40
Lu @ index-CwSkdeGO.js:40
ZU @ index-CwSkdeGO.js:40
Ws @ index-CwSkdeGO.js:40
Bj @ index-CwSkdeGO.js:40
_s @ index-CwSkdeGO.js:38
(anonymous) @ index-CwSkdeGO.js:40
index-CwSkdeGO.js:271 SelectItem must have a non-empty value prop
(anonymous) @ index-CwSkdeGO.js:271
XS @ index-CwSkdeGO.js:38
Ej @ index-CwSkdeGO.js:40
DR @ index-CwSkdeGO.js:40
MR @ index-CwSkdeGO.js:40
HU @ index-CwSkdeGO.js:40
Wv @ index-CwSkdeGO.js:40
Bj @ index-CwSkdeGO.js:40
_s @ index-CwSkdeGO.js:38
(anonymous) @ index-CwSkdeGO.js:40
setTimeout
i @ index-CwSkdeGO.js:48
o @ index-CwSkdeGO.js:48
batch @ index-CwSkdeGO.js:48
Ua @ index-CwSkdeGO.js:48
s @ index-CwSkdeGO.js:48
m @ index-CwSkdeGO.js:48
(anonymous) @ index-CwSkdeGO.js:48
Promise.catch
x @ index-CwSkdeGO.js:48
start @ index-CwSkdeGO.js:48
fetch @ index-CwSkdeGO.js:48
lf @ index-CwSkdeGO.js:48
onSubscribe @ index-CwSkdeGO.js:48
subscribe @ index-CwSkdeGO.js:48
(anonymous) @ index-CwSkdeGO.js:48
QI @ index-CwSkdeGO.js:38
Py @ index-CwSkdeGO.js:40
Lu @ index-CwSkdeGO.js:40
ZU @ index-CwSkdeGO.js:40
Ws @ index-CwSkdeGO.js:40
Bj @ index-CwSkdeGO.js:40
_s @ index-CwSkdeGO.js:38
(anonymous) @ index-CwSkdeGO.js:40
index-CwSkdeGO.js:271 SelectItem must have a non-empty value prop
(anonymous) @ index-CwSkdeGO.js:271
XS @ index-CwSkdeGO.js:38
Ej @ index-CwSkdeGO.js:40
DR @ index-CwSkdeGO.js:40
MR @ index-CwSkdeGO.js:40
HU @ index-CwSkdeGO.js:40
Wv @ index-CwSkdeGO.js:40
Bj @ index-CwSkdeGO.js:40
_s @ index-CwSkdeGO.js:38
(anonymous) @ index-CwSkdeGO.js:40
setTimeout
i @ index-CwSkdeGO.js:48
o @ index-CwSkdeGO.js:48
batch @ index-CwSkdeGO.js:48
Ua @ index-CwSkdeGO.js:48
s @ index-CwSkdeGO.js:48
m @ index-CwSkdeGO.js:48
(anonymous) @ index-CwSkdeGO.js:48
Promise.catch
x @ index-CwSkdeGO.js:48
start @ index-CwSkdeGO.js:48
fetch @ index-CwSkdeGO.js:48
lf @ index-CwSkdeGO.js:48
onSubscribe @ index-CwSkdeGO.js:48
subscribe @ index-CwSkdeGO.js:48
(anonymous) @ index-CwSkdeGO.js:48
QI @ index-CwSkdeGO.js:38
Py @ index-CwSkdeGO.js:40
Lu @ index-CwSkdeGO.js:40
ZU @ index-CwSkdeGO.js:40
Ws @ index-CwSkdeGO.js:40
Bj @ index-CwSkdeGO.js:40
_s @ index-CwSkdeGO.js:38
(anonymous) @ index-CwSkdeGO.js:40
index-CwSkdeGO.js:271 SelectItem must have a non-empty value prop
(anonymous) @ index-CwSkdeGO.js:271
XS @ index-CwSkdeGO.js:38
Ej @ index-CwSkdeGO.js:40
DR @ index-CwSkdeGO.js:40
MR @ index-CwSkdeGO.js:40
HU @ index-CwSkdeGO.js:40
Wv @ index-CwSkdeGO.js:40
Bj @ index-CwSkdeGO.js:40
_s @ index-CwSkdeGO.js:38
(anonymous) @ index-CwSkdeGO.js:40
setTimeout
i @ index-CwSkdeGO.js:48
o @ index-CwSkdeGO.js:48
batch @ index-CwSkdeGO.js:48
Ua @ index-CwSkdeGO.js:48
s @ index-CwSkdeGO.js:48
m @ index-CwSkdeGO.js:48
(anonymous) @ index-CwSkdeGO.js:48
Promise.catch
x @ index-CwSkdeGO.js:48
start @ index-CwSkdeGO.js:48
fetch @ index-CwSkdeGO.js:48
lf @ index-CwSkdeGO.js:48
onSubscribe @ index-CwSkdeGO.js:48
subscribe @ index-CwSkdeGO.js:48
(anonymous) @ index-CwSkdeGO.js:48
QI @ index-CwSkdeGO.js:38
Py @ index-CwSkdeGO.js:40
Lu @ index-CwSkdeGO.js:40
ZU @ index-CwSkdeGO.js:40
Ws @ index-CwSkdeGO.js:40
Bj @ index-CwSkdeGO.js:40
_s @ index-CwSkdeGO.js:38
(anonymous) @ index-CwSkdeGO.js:40
index-CwSkdeGO.js:271 SelectItem must have a non-empty value prop
(anonymous) @ index-CwSkdeGO.js:271
XS @ index-CwSkdeGO.js:38
Ej @ index-CwSkdeGO.js:40
DR @ index-CwSkdeGO.js:40
MR @ index-CwSkdeGO.js:40
HU @ index-CwSkdeGO.js:40
Wv @ index-CwSkdeGO.js:40
Bj @ index-CwSkdeGO.js:40
_s @ index-CwSkdeGO.js:38
(anonymous) @ index-CwSkdeGO.js:40
index-CwSkdeGO.js:271 SelectItem must have a non-empty value prop
(anonymous) @ index-CwSkdeGO.js:271
XS @ index-CwSkdeGO.js:38
Ej @ index-CwSkdeGO.js:40
DR @ index-CwSkdeGO.js:40
MR @ index-CwSkdeGO.js:40
HU @ index-CwSkdeGO.js:40
Wv @ index-CwSkdeGO.js:40
Bj @ index-CwSkdeGO.js:40
_s @ index-CwSkdeGO.js:38
(anonymous) @ index-CwSkdeGO.js:40
index-CwSkdeGO.js:271 SelectItem must have a non-empty value prop
(anonymous) @ index-CwSkdeGO.js:271
XS @ index-CwSkdeGO.js:38
Ej @ index-CwSkdeGO.js:40
DR @ index-CwSkdeGO.js:40
MR @ index-CwSkdeGO.js:40
HU @ index-CwSkdeGO.js:40
Wv @ index-CwSkdeGO.js:40
Bj @ index-CwSkdeGO.js:40
_s @ index-CwSkdeGO.js:38
(anonymous) @ index-CwSkdeGO.js:40
setTimeout
i @ index-CwSkdeGO.js:48
o @ index-CwSkdeGO.js:48
batch @ index-CwSkdeGO.js:48
Ua @ index-CwSkdeGO.js:48
s @ index-CwSkdeGO.js:48
m @ index-CwSkdeGO.js:48
(anonymous) @ index-CwSkdeGO.js:48
Promise.catch
x @ index-CwSkdeGO.js:48
start @ index-CwSkdeGO.js:48
fetch @ index-CwSkdeGO.js:48
lf @ index-CwSkdeGO.js:48
onSubscribe @ index-CwSkdeGO.js:48
subscribe @ index-CwSkdeGO.js:48
(anonymous) @ index-CwSkdeGO.js:48
QI @ index-CwSkdeGO.js:38
Py @ index-CwSkdeGO.js:40
Lu @ index-CwSkdeGO.js:40
ZU @ index-CwSkdeGO.js:40
Ws @ index-CwSkdeGO.js:40
Bj @ index-CwSkdeGO.js:40
_s @ index-CwSkdeGO.js:38
(anonymous) @ index-CwSkdeGO.js:40
index-CwSkdeGO.js:271 SelectItem must have a non-empty value prop
(anonymous) @ index-CwSkdeGO.js:271
XS @ index-CwSkdeGO.js:38
Ej @ index-CwSkdeGO.js:40
DR @ index-CwSkdeGO.js:40
MR @ index-CwSkdeGO.js:40
HU @ index-CwSkdeGO.js:40
Wv @ index-CwSkdeGO.js:40
Bj @ index-CwSkdeGO.js:40
_s @ index-CwSkdeGO.js:38
(anonymous) @ index-CwSkdeGO.js:40
setTimeout
i @ index-CwSkdeGO.js:48
o @ index-CwSkdeGO.js:48
batch @ index-CwSkdeGO.js:48
Ua @ index-CwSkdeGO.js:48
s @ index-CwSkdeGO.js:48
m @ index-CwSkdeGO.js:48
(anonymous) @ index-CwSkdeGO.js:48
Promise.catch
x @ index-CwSkdeGO.js:48
start @ index-CwSkdeGO.js:48
fetch @ index-CwSkdeGO.js:48
lf @ index-CwSkdeGO.js:48
onSubscribe @ index-CwSkdeGO.js:48
subscribe @ index-CwSkdeGO.js:48
(anonymous) @ index-CwSkdeGO.js:48
QI @ index-CwSkdeGO.js:38
Py @ index-CwSkdeGO.js:40
Lu @ index-CwSkdeGO.js:40
ZU @ index-CwSkdeGO.js:40
Ws @ index-CwSkdeGO.js:40
Bj @ index-CwSkdeGO.js:40
_s @ index-CwSkdeGO.js:38
(anonymous) @ index-CwSkdeGO.js:40
index-CwSkdeGO.js:271 SelectItem must have a non-empty value prop
(anonymous) @ index-CwSkdeGO.js:271
XS @ index-CwSkdeGO.js:38
Ej @ index-CwSkdeGO.js:40
DR @ index-CwSkdeGO.js:40
MR @ index-CwSkdeGO.js:40
HU @ index-CwSkdeGO.js:40
Wv @ index-CwSkdeGO.js:40
Bj @ index-CwSkdeGO.js:40
_s @ index-CwSkdeGO.js:38
(anonymous) @ index-CwSkdeGO.js:40
setTimeout
i @ index-CwSkdeGO.js:48
o @ index-CwSkdeGO.js:48
batch @ index-CwSkdeGO.js:48
Ua @ index-CwSkdeGO.js:48
s @ index-CwSkdeGO.js:48
m @ index-CwSkdeGO.js:48
(anonymous) @ index-CwSkdeGO.js:48
Promise.catch
x @ index-CwSkdeGO.js:48
start @ index-CwSkdeGO.js:48
fetch @ index-CwSkdeGO.js:48
lf @ index-CwSkdeGO.js:48
onSubscribe @ index-CwSkdeGO.js:48
subscribe @ index-CwSkdeGO.js:48
(anonymous) @ index-CwSkdeGO.js:48
QI @ index-CwSkdeGO.js:38
Py @ index-CwSkdeGO.js:40
Lu @ index-CwSkdeGO.js:40
ZU @ index-CwSkdeGO.js:40
Ws @ index-CwSkdeGO.js:40
Bj @ index-CwSkdeGO.js:40
_s @ index-CwSkdeGO.js:38
(anonymous) @ index-CwSkdeGO.js:40
index-CwSkdeGO.js:271 SelectItem must have a non-empty value prop
(anonymous) @ index-CwSkdeGO.js:271
XS @ index-CwSkdeGO.js:38
Ej @ index-CwSkdeGO.js:40
DR @ index-CwSkdeGO.js:40
MR @ index-CwSkdeGO.js:40
HU @ index-CwSkdeGO.js:40
Wv @ index-CwSkdeGO.js:40
Bj @ index-CwSkdeGO.js:40
_s @ index-CwSkdeGO.js:38
(anonymous) @ index-CwSkdeGO.js:40
setTimeout
i @ index-CwSkdeGO.js:48
o @ index-CwSkdeGO.js:48
batch @ index-CwSkdeGO.js:48
Ua @ index-CwSkdeGO.js:48
s @ index-CwSkdeGO.js:48
m @ index-CwSkdeGO.js:48
(anonymous) @ index-CwSkdeGO.js:48
Promise.catch
x @ index-CwSkdeGO.js:48
start @ index-CwSkdeGO.js:48
fetch @ index-CwSkdeGO.js:48
lf @ index-CwSkdeGO.js:48
onSubscribe @ index-CwSkdeGO.js:48
subscribe @ index-CwSkdeGO.js:48
(anonymous) @ index-CwSkdeGO.js:48
QI @ index-CwSkdeGO.js:38
Py @ index-CwSkdeGO.js:40
Lu @ index-CwSkdeGO.js:40
ZU @ index-CwSkdeGO.js:40
Ws @ index-CwSkdeGO.js:40
Bj @ index-CwSkdeGO.js:40
_s @ index-CwSkdeGO.js:38
(anonymous) @ index-CwSkdeGO.js:40
index-CwSkdeGO.js:271 SelectItem must have a non-empty value prop
(anonymous) @ index-CwSkdeGO.js:271
XS @ index-CwSkdeGO.js:38
Ej @ index-CwSkdeGO.js:40
DR @ index-CwSkdeGO.js:40
MR @ index-CwSkdeGO.js:40
HU @ index-CwSkdeGO.js:40
Wv @ index-CwSkdeGO.js:40
Bj @ index-CwSkdeGO.js:40
_s @ index-CwSkdeGO.js:38
(anonymous) @ index-CwSkdeGO.js:40
index-CwSkdeGO.js:271 SelectItem must have a non-empty value prop
(anonymous) @ index-CwSkdeGO.js:271
XS @ index-CwSkdeGO.js:38
Ej @ index-CwSkdeGO.js:40
DR @ index-CwSkdeGO.js:40
MR @ index-CwSkdeGO.js:40
HU @ index-CwSkdeGO.js:40
Wv @ index-CwSkdeGO.js:40
Bj @ index-CwSkdeGO.js:40
_s @ index-CwSkdeGO.js:38
(anonymous) @ index-CwSkdeGO.js:40
index-CwSkdeGO.js:271 SelectItem must have a non-empty value prop
(anonymous) @ index-CwSkdeGO.js:271
XS @ index-CwSkdeGO.js:38
Ej @ index-CwSkdeGO.js:40
DR @ index-CwSkdeGO.js:40
MR @ index-CwSkdeGO.js:40
HU @ index-CwSkdeGO.js:40
Wv @ index-CwSkdeGO.js:40
Bj @ index-CwSkdeGO.js:40
_s @ index-CwSkdeGO.js:38
(anonymous) @ index-CwSkdeGO.js:40
setTimeout
i @ index-CwSkdeGO.js:48
o @ index-CwSkdeGO.js:48
batch @ index-CwSkdeGO.js:48
Ua @ index-CwSkdeGO.js:48
s @ index-CwSkdeGO.js:48
m @ index-CwSkdeGO.js:48
(anonymous) @ index-CwSkdeGO.js:48
Promise.catch
x @ index-CwSkdeGO.js:48
start @ index-CwSkdeGO.js:48
fetch @ index-CwSkdeGO.js:48
lf @ index-CwSkdeGO.js:48
onSubscribe @ index-CwSkdeGO.js:48
subscribe @ index-CwSkdeGO.js:48
(anonymous) @ index-CwSkdeGO.js:48
QI @ index-CwSkdeGO.js:38
Py @ index-CwSkdeGO.js:40
Lu @ index-CwSkdeGO.js:40
ZU @ index-CwSkdeGO.js:40
Ws @ index-CwSkdeGO.js:40
Bj @ index-CwSkdeGO.js:40
_s @ index-CwSkdeGO.js:38
(anonymous) @ index-CwSkdeGO.js:40
index-CwSkdeGO.js:271 SelectItem must have a non-empty value prop
(anonymous) @ index-CwSkdeGO.js:271
XS @ index-CwSkdeGO.js:38
Ej @ index-CwSkdeGO.js:40
DR @ index-CwSkdeGO.js:40
MR @ index-CwSkdeGO.js:40
HU @ index-CwSkdeGO.js:40
Wv @ index-CwSkdeGO.js:40
Bj @ index-CwSkdeGO.js:40
_s @ index-CwSkdeGO.js:38
(anonymous) @ index-CwSkdeGO.js:40
setTimeout
i @ index-CwSkdeGO.js:48
o @ index-CwSkdeGO.js:48
batch @ index-CwSkdeGO.js:48
Ua @ index-CwSkdeGO.js:48
s @ index-CwSkdeGO.js:48
m @ index-CwSkdeGO.js:48
(anonymous) @ index-CwSkdeGO.js:48
Promise.catch
x @ index-CwSkdeGO.js:48
start @ index-CwSkdeGO.js:48
fetch @ index-CwSkdeGO.js:48
lf @ index-CwSkdeGO.js:48
onSubscribe @ index-CwSkdeGO.js:48
subscribe @ index-CwSkdeGO.js:48
(anonymous) @ index-CwSkdeGO.js:48
QI @ index-CwSkdeGO.js:38
Py @ index-CwSkdeGO.js:40
Lu @ index-CwSkdeGO.js:40
ZU @ index-CwSkdeGO.js:40
Ws @ index-CwSkdeGO.js:40
Bj @ index-CwSkdeGO.js:40
_s @ index-CwSkdeGO.js:38
(anonymous) @ index-CwSkdeGO.js:40
